<?xml version="1.0" encoding="UTF-8"?>
<!-- Generated by org.testng.reporters.JUnitXMLReporter -->
<testsuite ignored="0" hostname="ManojLaptop" failures="1" tests="1" name="Test - 1" time="4.174" errors="0" timestamp="2024-02-28T09:27:34 EST">
  <testcase classname="cucumber.api.testng.AbstractTestNGCucumberTests" name="feature" time="3.885">
    <failure type="cucumber.runtime.CucumberException" message="java.lang.ExceptionInInitializerError">
      <![CDATA[cucumber.runtime.CucumberException: java.lang.ExceptionInInitializerError
at cucumber.api.testng.TestNGCucumberRunner.runCucumber(TestNGCucumberRunner.java:69)
at cucumber.api.testng.AbstractTestNGCucumberTests.feature(AbstractTestNGCucumberTests.java:21)
at java.base/java.util.ArrayList.forEach(ArrayList.java:1596)
Caused by: java.lang.ExceptionInInitializerError
at cucumber.deps.com.thoughtworks.xstream.XStream.setupConverters(XStream.java:820)
at cucumber.deps.com.thoughtworks.xstream.XStream.<init>(XStream.java:574)
at cucumber.deps.com.thoughtworks.xstream.XStream.<init>(XStream.java:530)
at cucumber.runtime.xstream.LocalizedXStreams$LocalizedXStream.<init>(LocalizedXStreams.java:50)
at cucumber.runtime.xstream.LocalizedXStreams.newXStream(LocalizedXStreams.java:37)
at cucumber.runtime.xstream.LocalizedXStreams.get(LocalizedXStreams.java:29)
at cucumber.runtime.StepDefinitionMatch.runStep(StepDefinitionMatch.java:37)
at cucumber.runtime.Runtime.runStep(Runtime.java:300)
at cucumber.runtime.model.StepContainer.runStep(StepContainer.java:44)
at cucumber.runtime.model.StepContainer.runSteps(StepContainer.java:39)
at cucumber.runtime.model.CucumberScenario.run(CucumberScenario.java:44)
at cucumber.runtime.model.CucumberFeature.run(CucumberFeature.java:165)
at cucumber.api.testng.TestNGCucumberRunner.runCucumber(TestNGCucumberRunner.java:63)
at cucumber.api.testng.AbstractTestNGCucumberTests.feature(AbstractTestNGCucumberTests.java:21)
at java.base/java.util.ArrayList.forEach(ArrayList.java:1596)
at âœ½.Given I navigate to the deck of cards API(featurefile/CheckersGame.feature:6)
at cucumber.deps.com.thoughtworks.xstream.core.util.Fields.locate(Fields.java:39)
at cucumber.deps.com.thoughtworks.xstream.converters.collections.TreeMapConverter.<clinit>(TreeMapConverter.java:50)
at cucumber.deps.com.thoughtworks.xstream.XStream.setupConverters(XStream.java:820)
at cucumber.deps.com.thoughtworks.xstream.XStream.<init>(XStream.java:574)
at cucumber.deps.com.thoughtworks.xstream.XStream.<init>(XStream.java:530)
at cucumber.runtime.xstream.LocalizedXStreams$LocalizedXStream.<init>(LocalizedXStreams.java:50)
at cucumber.runtime.xstream.LocalizedXStreams.newXStream(LocalizedXStreams.java:37)
at cucumber.runtime.xstream.LocalizedXStreams.get(LocalizedXStreams.java:29)
at cucumber.runtime.StepDefinitionMatch.runStep(StepDefinitionMatch.java:37)
at cucumber.runtime.Runtime.runStep(Runtime.java:300)
at cucumber.runtime.model.StepContainer.runStep(StepContainer.java:44)
at cucumber.runtime.model.StepContainer.runSteps(StepContainer.java:39)
at cucumber.runtime.model.CucumberScenario.run(CucumberScenario.java:44)
at cucumber.runtime.model.CucumberFeature.run(CucumberFeature.java:165)
at cucumber.api.testng.TestNGCucumberRunner.runCucumber(TestNGCucumberRunner.java:63)
at cucumber.api.testng.AbstractTestNGCucumberTests.feature(AbstractTestNGCucumberTests.java:21)
at java.base/java.util.ArrayList.forEach(ArrayList.java:1596)
... Removed 90 stack frames]]>
    </failure>
  </testcase> <!-- feature -->
</testsuite> <!-- Test - 1 -->
